<?xml version="1.0" encoding="UTF-8"?>
<coverage generated="1725000468661" clover="3.2.0">
  <project timestamp="1725000468661" name="All files">
    <metrics statements="26" coveredstatements="26" conditionals="6" coveredconditionals="6" methods="8" coveredmethods="8" elements="40" coveredelements="40" complexity="0" loc="26" ncloc="26" packages="1" files="4" classes="4"/>
    <file name="add.js" path="C:\Users\hruthesh.gelle\OneDrive - ascendion\Desktop\jest_testing\add.js">
      <metrics statements="2" coveredstatements="2" conditionals="0" coveredconditionals="0" methods="1" coveredmethods="1"/>
      <line num="1" count="2" type="stmt"/>
      <line num="2" count="1" type="stmt"/>
    </file>
    <file name="examplecase.js" path="C:\Users\hruthesh.gelle\OneDrive - ascendion\Desktop\jest_testing\examplecase.js">
      <metrics statements="14" coveredstatements="14" conditionals="2" coveredconditionals="2" methods="5" coveredmethods="5"/>
      <line num="2" count="1" type="stmt"/>
      <line num="3" count="2" type="stmt"/>
      <line num="5" count="1" type="stmt"/>
      <line num="8" count="1" type="stmt"/>
      <line num="9" count="2" type="cond" truecount="2" falsecount="0"/>
      <line num="10" count="1" type="stmt"/>
      <line num="15" count="1" type="stmt"/>
      <line num="18" count="1" type="stmt"/>
      <line num="19" count="1" type="stmt"/>
      <line num="21" count="1" type="stmt"/>
      <line num="22" count="1" type="stmt"/>
      <line num="23" count="1" type="stmt"/>
      <line num="24" count="1" type="stmt"/>
      <line num="26" count="1" type="stmt"/>
    </file>
    <file name="multiply.js" path="C:\Users\hruthesh.gelle\OneDrive - ascendion\Desktop\jest_testing\multiply.js">
      <metrics statements="2" coveredstatements="2" conditionals="0" coveredconditionals="0" methods="1" coveredmethods="1"/>
      <line num="1" count="2" type="stmt"/>
      <line num="2" count="1" type="stmt"/>
    </file>
    <file name="prime.js" path="C:\Users\hruthesh.gelle\OneDrive - ascendion\Desktop\jest_testing\prime.js">
      <metrics statements="8" coveredstatements="8" conditionals="4" coveredconditionals="4" methods="1" coveredmethods="1"/>
      <line num="1" count="1" type="stmt"/>
      <line num="2" count="4" type="cond" truecount="2" falsecount="0"/>
      <line num="3" count="1" type="stmt"/>
      <line num="5" count="3" type="stmt"/>
      <line num="6" count="23" type="cond" truecount="2" falsecount="0"/>
      <line num="7" count="1" type="stmt"/>
      <line num="10" count="2" type="stmt"/>
      <line num="12" count="1" type="stmt"/>
    </file>
  </project>
</coverage>
