{"C:\\Users\\hruthesh.gelle\\OneDrive - ascendion\\Desktop\\jest_testing\\add.js": {"path":"C:\\Users\\hruthesh.gelle\\OneDrive - ascendion\\Desktop\\jest_testing\\add.js","statementMap":{"0":{"start":{"line":1,"column":10},"end":{"line":1,"column":20}},"1":{"start":{"line":1,"column":17},"end":{"line":1,"column":20}},"2":{"start":{"line":2,"column":0},"end":{"line":2,"column":21}}},"fnMap":{"0":{"name":"(anonymous_0)","decl":{"start":{"line":1,"column":10},"end":{"line":1,"column":11}},"loc":{"start":{"line":1,"column":17},"end":{"line":1,"column":20}},"line":1}},"branchMap":{},"s":{"0":1,"1":2,"2":1},"f":{"0":2},"b":{},"_coverageSchema":"1a1c01bbd47fc00a2c39e90264f33305004495a9","hash":"c94caa2f876cb80120cea7d5c736badf03f4a8f9"}
,"C:\\Users\\hruthesh.gelle\\OneDrive - ascendion\\Desktop\\jest_testing\\examplecase.js": {"path":"C:\\Users\\hruthesh.gelle\\OneDrive - ascendion\\Desktop\\jest_testing\\examplecase.js","statementMap":{"0":{"start":{"line":2,"column":21},"end":{"line":4,"column":7}},"1":{"start":{"line":3,"column":4},"end":{"line":3,"column":34}},"2":{"start":{"line":5,"column":2},"end":{"line":5,"column":20}},"3":{"start":{"line":8,"column":19},"end":{"line":17,"column":33}},"4":{"start":{"line":9,"column":4},"end":{"line":16,"column":5}},"5":{"start":{"line":10,"column":6},"end":{"line":13,"column":8}},"6":{"start":{"line":15,"column":6},"end":{"line":15,"column":17}},"7":{"start":{"line":18,"column":18},"end":{"line":18,"column":44}},"8":{"start":{"line":19,"column":2},"end":{"line":19,"column":17}},"9":{"start":{"line":21,"column":20},"end":{"line":25,"column":1}},"10":{"start":{"line":22,"column":17},"end":{"line":22,"column":18}},"11":{"start":{"line":23,"column":2},"end":{"line":23,"column":17}},"12":{"start":{"line":24,"column":2},"end":{"line":24,"column":18}},"13":{"start":{"line":26,"column":0},"end":{"line":26,"column":66}}},"fnMap":{"0":{"name":"getTotalLikes","decl":{"start":{"line":1,"column":9},"end":{"line":1,"column":22}},"loc":{"start":{"line":1,"column":28},"end":{"line":6,"column":1}},"line":1},"1":{"name":"(anonymous_1)","decl":{"start":{"line":2,"column":39},"end":{"line":2,"column":40}},"loc":{"start":{"line":2,"column":54},"end":{"line":4,"column":3}},"line":2},"2":{"name":"getMostPopularBlog","decl":{"start":{"line":7,"column":9},"end":{"line":7,"column":27}},"loc":{"start":{"line":7,"column":33},"end":{"line":20,"column":1}},"line":7},"3":{"name":"(anonymous_3)","decl":{"start":{"line":8,"column":37},"end":{"line":8,"column":38}},"loc":{"start":{"line":8,"column":55},"end":{"line":17,"column":3}},"line":8},"4":{"name":"(anonymous_4)","decl":{"start":{"line":21,"column":20},"end":{"line":21,"column":21}},"loc":{"start":{"line":21,"column":30},"end":{"line":25,"column":1}},"line":21}},"branchMap":{"0":{"loc":{"start":{"line":9,"column":4},"end":{"line":16,"column":5}},"type":"if","locations":[{"start":{"line":9,"column":4},"end":{"line":16,"column":5}},{"start":{"line":14,"column":11},"end":{"line":16,"column":5}}],"line":9}},"s":{"0":1,"1":2,"2":1,"3":1,"4":2,"5":1,"6":1,"7":1,"8":1,"9":1,"10":1,"11":1,"12":1,"13":1},"f":{"0":1,"1":2,"2":1,"3":2,"4":1},"b":{"0":[1,1]},"_coverageSchema":"1a1c01bbd47fc00a2c39e90264f33305004495a9","hash":"164a87e58cfee4dd82188a36c6634df993bc72e8"}
,"C:\\Users\\hruthesh.gelle\\OneDrive - ascendion\\Desktop\\jest_testing\\multiply.js": {"path":"C:\\Users\\hruthesh.gelle\\OneDrive - ascendion\\Desktop\\jest_testing\\multiply.js","statementMap":{"0":{"start":{"line":1,"column":10},"end":{"line":1,"column":20}},"1":{"start":{"line":1,"column":17},"end":{"line":1,"column":20}},"2":{"start":{"line":2,"column":0},"end":{"line":2,"column":21}}},"fnMap":{"0":{"name":"(anonymous_0)","decl":{"start":{"line":1,"column":10},"end":{"line":1,"column":11}},"loc":{"start":{"line":1,"column":17},"end":{"line":1,"column":20}},"line":1}},"branchMap":{},"s":{"0":1,"1":2,"2":1},"f":{"0":2},"b":{},"_coverageSchema":"1a1c01bbd47fc00a2c39e90264f33305004495a9","hash":"f98dc5f6a5476a338a2da0677fa928f731f63d34"}
,"C:\\Users\\hruthesh.gelle\\OneDrive - ascendion\\Desktop\\jest_testing\\prime.js": {"path":"C:\\Users\\hruthesh.gelle\\OneDrive - ascendion\\Desktop\\jest_testing\\prime.js","statementMap":{"0":{"start":{"line":1,"column":12},"end":{"line":11,"column":1}},"1":{"start":{"line":2,"column":2},"end":{"line":4,"column":3}},"2":{"start":{"line":3,"column":4},"end":{"line":3,"column":17}},"3":{"start":{"line":5,"column":2},"end":{"line":9,"column":3}},"4":{"start":{"line":5,"column":12},"end":{"line":5,"column":13}},"5":{"start":{"line":6,"column":4},"end":{"line":8,"column":5}},"6":{"start":{"line":7,"column":6},"end":{"line":7,"column":19}},"7":{"start":{"line":10,"column":2},"end":{"line":10,"column":14}},"8":{"start":{"line":12,"column":0},"end":{"line":12,"column":23}}},"fnMap":{"0":{"name":"(anonymous_0)","decl":{"start":{"line":1,"column":12},"end":{"line":1,"column":13}},"loc":{"start":{"line":1,"column":17},"end":{"line":11,"column":1}},"line":1}},"branchMap":{"0":{"loc":{"start":{"line":2,"column":2},"end":{"line":4,"column":3}},"type":"if","locations":[{"start":{"line":2,"column":2},"end":{"line":4,"column":3}},{"start":{},"end":{}}],"line":2},"1":{"loc":{"start":{"line":6,"column":4},"end":{"line":8,"column":5}},"type":"if","locations":[{"start":{"line":6,"column":4},"end":{"line":8,"column":5}},{"start":{},"end":{}}],"line":6}},"s":{"0":1,"1":4,"2":1,"3":3,"4":3,"5":23,"6":1,"7":2,"8":1},"f":{"0":4},"b":{"0":[1,3],"1":[1,22]},"_coverageSchema":"1a1c01bbd47fc00a2c39e90264f33305004495a9","hash":"e5e38d5e2f20569d853a61446d03f083873775b4"}
}
