TN:
SF:add.js
FN:1,(anonymous_0)
FNF:1
FNH:1
FNDA:2,(anonymous_0)
DA:1,2
DA:2,1
LF:2
LH:2
BRF:0
BRH:0
end_of_record
TN:
SF:examplecase.js
FN:1,getTotalLikes
FN:2,(anonymous_1)
FN:7,getMostPopularBlog
FN:8,(anonymous_3)
FN:21,(anonymous_4)
FNF:5
FNH:5
FNDA:1,getTotalLikes
FNDA:2,(anonymous_1)
FNDA:1,getMostPopularBlog
FNDA:2,(anonymous_3)
FNDA:1,(anonymous_4)
DA:2,1
DA:3,2
DA:5,1
DA:8,1
DA:9,2
DA:10,1
DA:15,1
DA:18,1
DA:19,1
DA:21,1
DA:22,1
DA:23,1
DA:24,1
DA:26,1
LF:14
LH:14
BRDA:9,0,0,1
BRDA:9,0,1,1
BRF:2
BRH:2
end_of_record
TN:
SF:multiply.js
FN:1,(anonymous_0)
FNF:1
FNH:1
FNDA:2,(anonymous_0)
DA:1,2
DA:2,1
LF:2
LH:2
BRF:0
BRH:0
end_of_record
TN:
SF:prime.js
FN:1,(anonymous_0)
FNF:1
FNH:1
FNDA:4,(anonymous_0)
DA:1,1
DA:2,4
DA:3,1
DA:5,3
DA:6,23
DA:7,1
DA:10,2
DA:12,1
LF:8
LH:8
BRDA:2,0,0,1
BRDA:2,0,1,3
BRDA:6,1,0,1
BRDA:6,1,1,22
BRF:4
BRH:4
end_of_record
